<?xml version="1.0" encoding="UTF-8"?>
<!-- Generated by org.testng.reporters.JUnitReportReporter -->
<testsuite hostname="welcome-PC" name="test.YahooLogin" tests="2" failures="0" timestamp="11 Jan 2016 06:47:59 GMT" time="0.001" errors="0">
  <testcase name="loginCarefully" time="0.000" classname="test.YahooLogin"/>
  <testcase name="Login" time="0.001" classname="test.YahooLogin"/>
</testsuite>
