<?xml version="1.0" encoding="UTF-8"?>
<!-- Generated by org.testng.reporters.JUnitReportReporter -->
<testsuite hostname="welcome-PC" name="test.LoginTest" tests="3" failures="0" timestamp="11 Jan 2016 06:47:59 GMT" time="0.000" errors="0">
  <testcase name="parameterization" time="0.000" classname="test.LoginTest"/>
  <testcase name="parameterization" time="0.000" classname="test.LoginTest"/>
  <testcase name="parameterization" time="0.000" classname="test.LoginTest"/>
</testsuite>
