<?xml version="1.0" encoding="UTF-8"?>
<!-- Generated by org.testng.reporters.JUnitReportReporter -->
<testsuite hostname="welcome-PC" name="test.LogoutTest" tests="1" failures="0" timestamp="11 Jan 2016 06:47:59 GMT" time="0.001" errors="1">
  <testcase name="foooool" time="0.001" classname="test.LogoutTest"/>
</testsuite>
