<?xml version="1.0" encoding="UTF-8"?>
<!-- Generated by org.testng.reporters.JUnitReportReporter -->
<testsuite hostname="welcome-PC" name="WeBuy" tests="1" failures="0" timestamp="4 Feb 2016 16:25:36 GMT" time="71.287" errors="0">
  <testcase name="ProductPurchaseProcess" time="71.287" classname="WeBuy"/>
</testsuite> <!-- WeBuy -->
