<?xml version="1.0" encoding="UTF-8"?>
<!-- Generated by org.testng.reporters.JUnitReportReporter -->
<testsuite hostname="welcome-PC" name="Application.Login_Application" tests="5" failures="0" timestamp="7 Feb 2016 20:29:29 GMT" time="196.149" errors="0">
  <testcase name="Login" time="38.771" classname="Application.Login_Application"/>
  <testcase name="Login" time="42.777" classname="Application.Login_Application"/>
  <testcase name="Login" time="34.430" classname="Application.Login_Application"/>
  <testcase name="Login" time="36.497" classname="Application.Login_Application"/>
  <testcase name="Login" time="43.674" classname="Application.Login_Application"/>
</testsuite> <!-- Application.Login_Application -->
