<?xml version="1.0" encoding="UTF-8"?>
<!-- Generated by org.testng.reporters.JUnitReportReporter -->
<testsuite hostname="welcome-PC" name="YahooKaApna.YahooLogin" tests="2" failures="0" timestamp="10 Jan 2016 19:44:48 GMT" time="0.009" errors="0">
  <testcase name="loginCarefully" time="0.002" classname="YahooKaApna.YahooLogin"/>
  <testcase name="Login" time="0.007" classname="YahooKaApna.YahooLogin"/>
</testsuite> <!-- YahooKaApna.YahooLogin -->
