<?xml version="1.0" encoding="UTF-8"?>
<!-- Generated by org.testng.reporters.JUnitReportReporter -->
<testsuite hostname="welcome-PC" name="YahooKaApna.LogoutTest" tests="1" failures="0" timestamp="10 Jan 2016 19:44:48 GMT" time="0.001" errors="1">
  <testcase name="foooool" time="0.001" classname="YahooKaApna.LogoutTest"/>
</testsuite> <!-- YahooKaApna.LogoutTest -->
