<?xml version="1.0" encoding="UTF-8"?>
<!-- Generated by org.testng.reporters.JUnitReportReporter -->
<testsuite hostname="welcome-PC" name="Test.NewTest" tests="2" failures="0" timestamp="10 Jan 2016 18:21:19 GMT" time="0.026" errors="0">
  <testcase name="f" time="0.024" classname="Test.NewTest"/>
  <testcase name="full" time="0.002" classname="Test.NewTest"/>
</testsuite> <!-- Test.NewTest -->
