<?xml version="1.0" encoding="UTF-8"?>
<!-- Generated by org.testng.reporters.JUnitReportReporter -->
<testsuite hostname="welcome-PC" name="YahooKaApna.LoginTest" tests="3" failures="0" timestamp="10 Jan 2016 20:21:08 GMT" time="0.015" errors="0">
  <testcase name="parameterization" time="0.001" classname="YahooKaApna.LoginTest"/>
  <testcase name="parameterization" time="0.005" classname="YahooKaApna.LoginTest"/>
  <testcase name="parameterization" time="0.009" classname="YahooKaApna.LoginTest"/>
</testsuite> <!-- YahooKaApna.LoginTest -->
